{"level":"info","message":"Logs up to date. ** Last refresh: 2020-02-08T19:41:59.458Z ** Current time: 2020-02-08T20:01:42.245Z"}
{"timestamp":"2020-02-08T20:01:42.245Z","level":"info","message":"Current log unchanged"}
{"timestamp":"2020-02-11T16:46:20.363Z","level":"info","message":"Expired data: refreshing now"}
{"level":"info","message":"Refreshed data success"}
{"level":"info","message":"Logs up to date. ** Last refresh: 2020-02-11T16:46:20.363Z ** Current time: 2020-02-11T16:46:20.363Z"}
{"timestamp":"2020-02-11T16:46:20.363Z","level":"info","message":"Current log unchanged"}
{"level":"info","message":"Logs up to date. ** Last refresh: 2020-02-11T16:46:20.363Z ** Current time: 2020-02-11T16:48:55.277Z"}
{"timestamp":"2020-02-11T16:48:55.277Z","level":"info","message":"Current log unchanged"}
{"timestamp":"2020-02-13T20:35:16.892Z","level":"info","message":"Expired data: refreshing now"}
{"level":"info","message":"Refreshed data success"}
{"level":"info","message":"Logs up to date. ** Last refresh: 2020-02-13T20:35:16.892Z ** Current time: 2020-02-13T20:35:16.892Z"}
{"timestamp":"2020-02-13T20:35:16.892Z","level":"info","message":"Current log unchanged"}
{"level":"info","message":"Logs up to date. ** Last refresh: 2020-02-13T20:35:16.892Z ** Current time: 2020-02-13T20:35:16.892Z"}
{"timestamp":"2020-02-13T20:35:16.892Z","level":"info","message":"Current log unchanged"}
{"level":"info","message":"Logs up to date. ** Last refresh: 2020-02-13T20:35:16.892Z ** Current time: 2020-02-13T20:35:16.892Z"}
{"timestamp":"2020-02-13T20:35:16.892Z","level":"info","message":"Current log unchanged"}
{"level":"info","message":"Logs up to date. ** Last refresh: 2020-02-13T20:35:16.892Z ** Current time: 2020-02-13T20:35:16.892Z"}
{"timestamp":"2020-02-13T20:35:16.892Z","level":"info","message":"Current log unchanged"}
{"level":"info","message":"Logs up to date. ** Last refresh: 2020-02-13T20:35:16.892Z ** Current time: 2020-02-13T20:35:16.892Z"}
{"timestamp":"2020-02-13T20:35:16.892Z","level":"info","message":"Current log unchanged"}
{"level":"info","message":"Logs up to date. ** Last refresh: 2020-02-13T20:35:16.892Z ** Current time: 2020-02-13T20:35:16.892Z"}
{"timestamp":"2020-02-13T20:35:16.892Z","level":"info","message":"Current log unchanged"}
{"level":"info","message":"Logs up to date. ** Last refresh: 2020-02-13T20:35:16.892Z ** Current time: 2020-02-13T20:35:16.892Z"}
{"timestamp":"2020-02-13T20:35:16.892Z","level":"info","message":"Current log unchanged"}
{"level":"info","message":"Logs up to date. ** Last refresh: 2020-02-13T20:35:16.892Z ** Current time: 2020-02-13T20:35:16.892Z"}
{"timestamp":"2020-02-13T20:35:16.892Z","level":"info","message":"Current log unchanged"}
{"level":"info","message":"Logs up to date. ** Last refresh: 2020-02-13T20:35:16.892Z ** Current time: 2020-02-13T20:35:16.892Z"}
{"timestamp":"2020-02-13T20:35:16.892Z","level":"info","message":"Current log unchanged"}
{"level":"info","message":"Logs up to date. ** Last refresh: 2020-02-13T20:35:16.892Z ** Current time: 2020-02-13T20:35:16.892Z"}
{"timestamp":"2020-02-13T20:35:16.892Z","level":"info","message":"Current log unchanged"}
{"level":"info","message":"Logs up to date. ** Last refresh: 2020-02-13T20:35:16.892Z ** Current time: 2020-02-13T20:35:16.892Z"}
{"timestamp":"2020-02-13T20:35:16.892Z","level":"info","message":"Current log unchanged"}
{"level":"info","message":"Logs up to date. ** Last refresh: 2020-02-13T20:35:16.892Z ** Current time: 2020-02-13T20:35:16.892Z"}
{"timestamp":"2020-02-13T20:35:16.892Z","level":"info","message":"Current log unchanged"}
{"level":"info","message":"Logs up to date. ** Last refresh: 2020-02-13T20:35:16.892Z ** Current time: 2020-02-13T20:35:16.892Z"}
{"timestamp":"2020-02-13T20:35:16.892Z","level":"info","message":"Current log unchanged"}
{"level":"info","message":"Logs up to date. ** Last refresh: 2020-02-13T20:35:16.892Z ** Current time: 2020-02-13T20:35:16.892Z"}
{"timestamp":"2020-02-13T20:35:16.892Z","level":"info","message":"Current log unchanged"}
{"level":"info","message":"Logs up to date. ** Last refresh: 2020-02-13T20:35:16.892Z ** Current time: 2020-02-13T20:35:16.892Z"}
{"timestamp":"2020-02-13T20:35:16.892Z","level":"info","message":"Current log unchanged"}
{"level":"info","message":"Logs up to date. ** Last refresh: 2020-02-13T20:35:16.892Z ** Current time: 2020-02-13T20:35:16.892Z"}
{"timestamp":"2020-02-13T20:35:16.892Z","level":"info","message":"Current log unchanged"}
{"level":"info","message":"Logs up to date. ** Last refresh: 2020-02-13T20:35:16.892Z ** Current time: 2020-02-13T20:35:16.892Z"}
{"timestamp":"2020-02-13T20:35:16.892Z","level":"info","message":"Current log unchanged"}
{"level":"info","message":"Logs up to date. ** Last refresh: 2020-02-13T20:35:16.892Z ** Current time: 2020-02-13T20:35:16.892Z"}
{"timestamp":"2020-02-13T20:35:16.892Z","level":"info","message":"Current log unchanged"}
{"level":"info","message":"Logs up to date. ** Last refresh: 2020-02-13T20:35:16.892Z ** Current time: 2020-02-13T20:35:16.892Z"}
{"timestamp":"2020-02-13T20:35:16.892Z","level":"info","message":"Current log unchanged"}
{"timestamp":"2020-02-14T16:24:14.894Z","level":"info","message":"Expired data: refreshing now"}
{"level":"info","message":"Refreshed data success"}
{"level":"info","message":"Logs up to date. ** Last refresh: 2020-02-14T16:24:14.894Z ** Current time: 2020-02-14T16:24:14.894Z"}
{"timestamp":"2020-02-14T16:24:14.894Z","level":"info","message":"Current log unchanged"}
{"level":"info","message":"Logs up to date. ** Last refresh: 2020-02-14T16:24:14.894Z ** Current time: 2020-02-14T16:24:14.894Z"}
{"timestamp":"2020-02-14T16:24:14.894Z","level":"info","message":"Current log unchanged"}
{"level":"info","message":"Logs up to date. ** Last refresh: 2020-02-14T16:24:14.894Z ** Current time: 2020-02-14T16:24:14.894Z"}
{"timestamp":"2020-02-14T16:24:14.894Z","level":"info","message":"Current log unchanged"}
{"level":"info","message":"Logs up to date. ** Last refresh: 2020-02-14T16:24:14.894Z ** Current time: 2020-02-14T16:24:14.894Z"}
{"timestamp":"2020-02-14T16:24:14.894Z","level":"info","message":"Current log unchanged"}
{"level":"info","message":"Logs up to date. ** Last refresh: 2020-02-14T16:24:14.894Z ** Current time: 2020-02-14T16:24:14.894Z"}
{"timestamp":"2020-02-14T16:24:14.894Z","level":"info","message":"Current log unchanged"}
{"level":"info","message":"Logs up to date. ** Last refresh: 2020-02-14T16:24:14.894Z ** Current time: 2020-02-14T16:24:14.894Z"}
{"timestamp":"2020-02-14T16:24:14.894Z","level":"info","message":"Current log unchanged"}
{"level":"info","message":"Logs up to date. ** Last refresh: 2020-02-14T16:24:14.894Z ** Current time: 2020-02-14T16:24:14.894Z"}
{"timestamp":"2020-02-14T16:24:14.894Z","level":"info","message":"Current log unchanged"}
{"level":"info","message":"Logs up to date. ** Last refresh: 2020-02-14T16:24:14.894Z ** Current time: 2020-02-14T16:24:14.894Z"}
{"timestamp":"2020-02-14T16:24:14.894Z","level":"info","message":"Current log unchanged"}
{"level":"info","message":"Logs up to date. ** Last refresh: 2020-02-14T16:24:14.894Z ** Current time: 2020-02-14T16:24:14.894Z"}
{"timestamp":"2020-02-14T16:24:14.894Z","level":"info","message":"Current log unchanged"}
{"level":"info","message":"Logs up to date. ** Last refresh: 2020-02-14T16:24:14.894Z ** Current time: 2020-02-14T16:24:14.894Z"}
{"timestamp":"2020-02-14T16:24:14.894Z","level":"info","message":"Current log unchanged"}
{"level":"info","message":"Logs up to date. ** Last refresh: 2020-02-14T16:24:14.894Z ** Current time: 2020-02-14T16:24:14.894Z"}
{"timestamp":"2020-02-14T16:24:14.894Z","level":"info","message":"Current log unchanged"}
{"level":"info","message":"Logs up to date. ** Last refresh: 2020-02-14T16:24:14.894Z ** Current time: 2020-02-14T16:24:14.894Z"}
{"timestamp":"2020-02-14T16:24:14.894Z","level":"info","message":"Current log unchanged"}
{"level":"info","message":"Logs up to date. ** Last refresh: 2020-02-14T16:24:14.894Z ** Current time: 2020-02-14T16:24:14.894Z"}
{"timestamp":"2020-02-14T16:24:14.894Z","level":"info","message":"Current log unchanged"}
{"level":"info","message":"Logs up to date. ** Last refresh: 2020-02-14T16:24:14.894Z ** Current time: 2020-02-14T16:24:14.894Z"}
{"timestamp":"2020-02-14T16:24:14.894Z","level":"info","message":"Current log unchanged"}
{"level":"info","message":"Logs up to date. ** Last refresh: 2020-02-14T16:24:14.894Z ** Current time: 2020-02-14T16:24:14.894Z"}
{"timestamp":"2020-02-14T16:24:14.894Z","level":"info","message":"Current log unchanged"}
{"level":"info","message":"Logs up to date. ** Last refresh: 2020-02-14T16:24:14.894Z ** Current time: 2020-02-14T16:24:14.894Z"}
{"timestamp":"2020-02-14T16:24:14.894Z","level":"info","message":"Current log unchanged"}
{"level":"info","message":"Logs up to date. ** Last refresh: 2020-02-14T16:24:14.894Z ** Current time: 2020-02-14T16:24:14.894Z"}
{"timestamp":"2020-02-14T16:24:14.894Z","level":"info","message":"Current log unchanged"}
{"level":"info","message":"Logs up to date. ** Last refresh: 2020-02-14T16:24:14.894Z ** Current time: 2020-02-14T16:24:14.894Z"}
{"timestamp":"2020-02-14T16:24:14.894Z","level":"info","message":"Current log unchanged"}
{"level":"info","message":"Logs up to date. ** Last refresh: 2020-02-14T16:24:14.894Z ** Current time: 2020-02-14T16:24:14.894Z"}
{"timestamp":"2020-02-14T16:24:14.894Z","level":"info","message":"Current log unchanged"}
{"level":"info","message":"Logs up to date. ** Last refresh: 2020-02-14T16:24:14.894Z ** Current time: 2020-02-14T16:24:14.894Z"}
{"timestamp":"2020-02-14T16:24:14.894Z","level":"info","message":"Current log unchanged"}
{"level":"info","message":"Logs up to date. ** Last refresh: 2020-02-14T16:24:14.894Z ** Current time: 2020-02-14T16:24:14.894Z"}
{"timestamp":"2020-02-14T16:24:14.894Z","level":"info","message":"Current log unchanged"}
{"level":"info","message":"Logs up to date. ** Last refresh: 2020-02-14T16:24:14.894Z ** Current time: 2020-02-14T16:24:14.894Z"}
{"timestamp":"2020-02-14T16:24:14.894Z","level":"info","message":"Current log unchanged"}
{"level":"info","message":"Logs up to date. ** Last refresh: 2020-02-14T16:24:14.894Z ** Current time: 2020-02-14T16:24:14.894Z"}
{"timestamp":"2020-02-14T16:24:14.894Z","level":"info","message":"Current log unchanged"}
{"timestamp":"2020-02-14T16:24:14.894Z","level":"info","message":"No current logs"}
{"timestamp":"2020-02-14T16:24:14.894Z","level":"info","message":"No current logs"}
{"timestamp":"2020-02-14T16:24:14.894Z","level":"info","message":"No current logs"}
{"timestamp":"2020-02-14T16:24:14.894Z","level":"info","message":"No current logs"}
{"timestamp":"2020-02-14T16:24:14.894Z","level":"info","message":"No current logs"}
{"timestamp":"2020-02-14T16:24:14.894Z","level":"info","message":"No current logs"}
{"timestamp":"2020-02-14T16:24:14.894Z","level":"info","message":"No current logs"}
{"timestamp":"2020-02-14T16:24:14.894Z","level":"info","message":"No current logs"}
{"timestamp":"2020-02-14T16:24:14.894Z","level":"info","message":"No current logs"}
{"timestamp":"2020-02-14T16:24:14.894Z","level":"info","message":"Fetched and filled empty log"}
{"timestamp":"2020-02-14T16:24:14.894Z","level":"info","message":"Fetched and filled empty log"}
{"timestamp":"2020-02-14T16:24:14.894Z","level":"info","message":"Fetched and filled empty log"}
{"timestamp":"2020-02-14T16:24:14.894Z","level":"info","message":"Fetched and filled empty log"}
{"timestamp":"2020-02-14T16:24:14.894Z","level":"info","message":"Fetched and filled empty log"}
{"timestamp":"2020-02-14T16:24:14.894Z","level":"info","message":"Fetched and filled empty log"}
{"timestamp":"2020-02-14T16:24:14.894Z","level":"info","message":"Fetched and filled empty log"}
{"timestamp":"2020-02-14T16:24:14.894Z","level":"info","message":"Fetched and filled empty log"}
{"timestamp":"2020-02-14T16:24:14.894Z","level":"info","message":"Fetched and filled empty log"}
{"timestamp":"2020-02-14T16:24:14.894Z","level":"info","message":"Expired data: refreshing now"}
{"level":"info","message":"Refreshed data success"}
{"timestamp":"2020-02-14T16:24:14.894Z","level":"info","message":"Expired data: refreshing now"}
{"level":"info","message":"Refreshed data success"}
{"timestamp":"2020-02-14T16:24:14.894Z","level":"info","message":"Expired data: refreshing now"}
{"level":"info","message":"Refreshed data success"}
{"timestamp":"2020-02-14T16:24:14.894Z","level":"info","message":"Expired data: refreshing now"}
{"level":"info","message":"Refreshed data success"}
{"timestamp":"2020-02-14T16:24:14.894Z","level":"info","message":"Expired data: refreshing now"}
{"level":"info","message":"Refreshed data success"}
{"timestamp":"2020-02-14T16:24:14.894Z","level":"info","message":"Expired data: refreshing now"}
{"level":"info","message":"Refreshed data success"}
{"timestamp":"2020-02-14T16:24:14.894Z","level":"info","message":"Expired data: refreshing now"}
{"level":"info","message":"Refreshed data success"}
{"timestamp":"2020-02-14T16:24:14.894Z","level":"info","message":"Expired data: refreshing now"}
{"level":"info","message":"Refreshed data success"}
{"timestamp":"2020-02-14T16:24:14.894Z","level":"info","message":"Expired data: refreshing now"}
{"level":"info","message":"Refreshed data success"}
{"timestamp":"2020-02-14T16:24:14.894Z","level":"info","message":"Expired data: refreshing now"}
{"level":"info","message":"Refreshed data success"}
{"timestamp":"2020-02-14T16:24:14.894Z","level":"info","message":"Expired data: refreshing now"}
{"level":"info","message":"Refreshed data success"}
{"timestamp":"2020-02-14T16:24:14.894Z","level":"info","message":"Expired data: refreshing now"}
{"level":"info","message":"Refreshed data success"}
{"timestamp":"2020-02-14T16:24:14.894Z","level":"info","message":"Expired data: refreshing now"}
{"level":"info","message":"Refreshed data success"}
{"timestamp":"2020-02-14T16:24:14.894Z","level":"info","message":"Expired data: refreshing now"}
{"level":"info","message":"Refreshed data success"}
{"timestamp":"2020-02-14T16:24:14.894Z","level":"info","message":"Expired data: refreshing now"}
{"level":"info","message":"Refreshed data success"}
{"timestamp":"2020-02-14T16:24:14.894Z","level":"info","message":"Expired data: refreshing now"}
{"level":"info","message":"Refreshed data success"}
{"timestamp":"2020-02-15T17:57:53.711Z","level":"info","message":"Expired data: refreshing now"}
{"level":"info","message":"Refreshed data success"}
{"level":"info","message":"Logs up to date. ** Last refresh: 2020-02-15T17:57:53.711Z ** Current time: 2020-02-15T17:57:53.711Z"}
{"timestamp":"2020-02-15T17:57:53.711Z","level":"info","message":"Current log unchanged"}
{"level":"info","message":"Logs up to date. ** Last refresh: 2020-02-15T17:57:53.711Z ** Current time: 2020-02-15T17:57:53.711Z"}
{"timestamp":"2020-02-15T17:57:53.711Z","level":"info","message":"Current log unchanged"}
{"level":"info","message":"Logs up to date. ** Last refresh: 2020-02-15T17:57:53.711Z ** Current time: 2020-02-15T17:57:53.711Z"}
{"timestamp":"2020-02-15T17:57:53.711Z","level":"info","message":"Current log unchanged"}
{"level":"info","message":"Logs up to date. ** Last refresh: 2020-02-15T17:57:53.711Z ** Current time: 2020-02-15T17:57:53.711Z"}
{"timestamp":"2020-02-15T17:57:53.711Z","level":"info","message":"Current log unchanged"}
{"level":"info","message":"Logs up to date. ** Last refresh: 2020-02-15T17:57:53.711Z ** Current time: 2020-02-15T17:57:53.711Z"}
{"timestamp":"2020-02-15T17:57:53.711Z","level":"info","message":"Current log unchanged"}
{"level":"info","message":"Logs up to date. ** Last refresh: 2020-02-15T17:57:53.711Z ** Current time: 2020-02-15T17:57:53.711Z"}
{"timestamp":"2020-02-15T17:57:53.711Z","level":"info","message":"Current log unchanged"}
{"level":"info","message":"Logs up to date. ** Last refresh: 2020-02-15T17:57:53.711Z ** Current time: 2020-02-15T17:57:53.711Z"}
{"timestamp":"2020-02-15T17:57:53.711Z","level":"info","message":"Current log unchanged"}
{"level":"info","message":"Logs up to date. ** Last refresh: 2020-02-15T17:57:53.711Z ** Current time: 2020-02-15T17:57:53.711Z"}
{"timestamp":"2020-02-15T17:57:53.711Z","level":"info","message":"Current log unchanged"}
{"level":"info","message":"Logs up to date. ** Last refresh: 2020-02-15T17:57:53.711Z ** Current time: 2020-02-15T17:57:53.711Z"}
{"timestamp":"2020-02-15T17:57:53.711Z","level":"info","message":"Current log unchanged"}
{"level":"info","message":"Logs up to date. ** Last refresh: 2020-02-15T17:57:53.711Z ** Current time: 2020-02-15T17:57:53.711Z"}
{"timestamp":"2020-02-15T17:57:53.711Z","level":"info","message":"Current log unchanged"}
{"level":"info","message":"Logs up to date. ** Last refresh: 2020-02-15T17:57:53.711Z ** Current time: 2020-02-15T17:57:53.711Z"}
{"timestamp":"2020-02-15T17:57:53.711Z","level":"info","message":"Current log unchanged"}
{"level":"info","message":"Logs up to date. ** Last refresh: 2020-02-15T17:57:53.711Z ** Current time: 2020-02-15T17:57:53.711Z"}
{"timestamp":"2020-02-15T17:57:53.711Z","level":"info","message":"Current log unchanged"}
{"level":"info","message":"Logs up to date. ** Last refresh: 2020-02-15T17:57:53.711Z ** Current time: 2020-02-15T17:57:53.711Z"}
{"timestamp":"2020-02-15T17:57:53.711Z","level":"info","message":"Current log unchanged"}
{"level":"info","message":"Logs up to date. ** Last refresh: 2020-02-15T17:57:53.711Z ** Current time: 2020-02-15T17:57:53.711Z"}
{"timestamp":"2020-02-15T17:57:53.711Z","level":"info","message":"Current log unchanged"}
{"level":"info","message":"Logs up to date. ** Last refresh: 2020-02-15T17:57:53.711Z ** Current time: 2020-02-15T17:57:53.711Z"}
{"timestamp":"2020-02-15T17:57:53.711Z","level":"info","message":"Current log unchanged"}
{"level":"info","message":"Logs up to date. ** Last refresh: 2020-02-15T17:57:53.711Z ** Current time: 2020-02-15T17:57:53.711Z"}
{"timestamp":"2020-02-15T17:57:53.711Z","level":"info","message":"Current log unchanged"}
{"level":"info","message":"Logs up to date. ** Last refresh: 2020-02-15T17:57:53.711Z ** Current time: 2020-02-15T17:57:53.711Z"}
{"timestamp":"2020-02-15T17:57:53.711Z","level":"info","message":"Current log unchanged"}
{"level":"info","message":"Logs up to date. ** Last refresh: 2020-02-15T17:57:53.711Z ** Current time: 2020-02-15T17:57:53.711Z"}
{"timestamp":"2020-02-15T17:57:53.711Z","level":"info","message":"Current log unchanged"}
{"level":"info","message":"Logs up to date. ** Last refresh: 2020-02-15T17:57:53.711Z ** Current time: 2020-02-15T17:57:53.711Z"}
{"timestamp":"2020-02-15T17:57:53.711Z","level":"info","message":"Current log unchanged"}
{"level":"info","message":"Logs up to date. ** Last refresh: 2020-02-15T17:57:53.711Z ** Current time: 2020-02-15T17:57:53.711Z"}
{"timestamp":"2020-02-15T17:57:53.711Z","level":"info","message":"Current log unchanged"}
{"level":"info","message":"Logs up to date. ** Last refresh: 2020-02-15T17:57:53.711Z ** Current time: 2020-02-15T17:57:53.711Z"}
{"timestamp":"2020-02-15T17:57:53.711Z","level":"info","message":"Current log unchanged"}
{"level":"info","message":"Logs up to date. ** Last refresh: 2020-02-15T17:57:53.711Z ** Current time: 2020-02-15T17:57:53.711Z"}
{"timestamp":"2020-02-15T17:57:53.711Z","level":"info","message":"Current log unchanged"}
{"level":"info","message":"Logs up to date. ** Last refresh: 2020-02-15T17:57:53.711Z ** Current time: 2020-02-15T17:57:53.711Z"}
{"timestamp":"2020-02-15T17:57:53.711Z","level":"info","message":"Current log unchanged"}
{"level":"info","message":"Logs up to date. ** Last refresh: 2020-02-15T17:57:53.711Z ** Current time: 2020-02-15T17:57:53.711Z"}
{"timestamp":"2020-02-15T17:57:53.711Z","level":"info","message":"Current log unchanged"}
{"level":"info","message":"Logs up to date. ** Last refresh: 2020-02-15T17:57:53.711Z ** Current time: 2020-02-15T17:57:53.711Z"}
{"timestamp":"2020-02-15T17:57:53.711Z","level":"info","message":"Current log unchanged"}
{"level":"info","message":"Logs up to date. ** Last refresh: 2020-02-15T17:57:53.711Z ** Current time: 2020-02-15T17:57:53.711Z"}
{"timestamp":"2020-02-15T17:57:53.711Z","level":"info","message":"Current log unchanged"}
{"level":"info","message":"Logs up to date. ** Last refresh: 2020-02-15T17:57:53.711Z ** Current time: 2020-02-15T17:57:53.711Z"}
{"timestamp":"2020-02-15T17:57:53.711Z","level":"info","message":"Current log unchanged"}
{"level":"info","message":"Logs up to date. ** Last refresh: 2020-02-15T17:57:53.711Z ** Current time: 2020-02-15T17:57:53.711Z"}
{"timestamp":"2020-02-15T17:57:53.711Z","level":"info","message":"Current log unchanged"}
{"level":"info","message":"Logs up to date. ** Last refresh: 2020-02-15T17:57:53.711Z ** Current time: 2020-02-15T17:57:53.711Z"}
{"timestamp":"2020-02-15T17:57:53.711Z","level":"info","message":"Current log unchanged"}
{"level":"info","message":"Logs up to date. ** Last refresh: 2020-02-15T17:57:53.711Z ** Current time: 2020-02-15T17:57:53.711Z"}
{"timestamp":"2020-02-15T17:57:53.711Z","level":"info","message":"Current log unchanged"}
{"level":"info","message":"Logs up to date. ** Last refresh: 2020-02-15T17:57:53.711Z ** Current time: 2020-02-15T17:57:53.711Z"}
{"timestamp":"2020-02-15T17:57:53.711Z","level":"info","message":"Current log unchanged"}
{"level":"info","message":"Logs up to date. ** Last refresh: 2020-02-15T17:57:53.711Z ** Current time: 2020-02-15T17:57:53.711Z"}
{"timestamp":"2020-02-15T17:57:53.711Z","level":"info","message":"Current log unchanged"}
{"timestamp":"2020-02-15T17:57:53.711Z","level":"info","message":"Expired data: refreshing now"}
{"level":"info","message":"Refreshed data success"}
{"timestamp":"2020-02-15T17:57:53.711Z","level":"info","message":"Expired data: refreshing now"}
{"level":"info","message":"Refreshed data success"}
{"timestamp":"2020-02-15T17:57:53.711Z","level":"info","message":"Expired data: refreshing now"}
{"level":"info","message":"Refreshed data success"}
{"timestamp":"2020-02-15T17:57:53.711Z","level":"info","message":"Expired data: refreshing now"}
{"level":"info","message":"Refreshed data success"}
{"timestamp":"2020-02-15T17:57:53.711Z","level":"info","message":"Expired data: refreshing now"}
{"level":"info","message":"Refreshed data success"}
{"timestamp":"2020-02-15T17:57:53.711Z","level":"info","message":"Expired data: refreshing now"}
{"level":"info","message":"Refreshed data success"}
{"timestamp":"2020-02-15T17:57:53.711Z","level":"info","message":"No current logs"}
{"timestamp":"2020-02-15T17:57:53.711Z","level":"info","message":"No current logs"}
{"timestamp":"2020-02-15T17:57:53.711Z","level":"info","message":"Fetched and filled empty log"}
{"timestamp":"2020-02-15T17:57:53.711Z","level":"info","message":"Fetched and filled empty log"}
{"timestamp":"2020-02-15T17:57:53.711Z","level":"info","message":"Expired data: refreshing now"}
{"level":"info","message":"Refreshed data success"}
{"timestamp":"2020-02-15T23:11:09.876Z","level":"info","message":"Expired data: refreshing now"}
{"level":"info","message":"Refreshed data success"}
{"level":"info","message":"Logs up to date. ** Last refresh: 2020-02-15T23:11:09.876Z ** Current time: 2020-02-15T23:11:09.876Z"}
{"timestamp":"2020-02-15T23:11:09.876Z","level":"info","message":"Current log unchanged"}
{"level":"info","message":"Logs up to date. ** Last refresh: 2020-02-15T23:11:09.876Z ** Current time: 2020-02-15T23:11:09.876Z"}
{"timestamp":"2020-02-15T23:11:09.876Z","level":"info","message":"Current log unchanged"}
{"level":"info","message":"Logs up to date. ** Last refresh: 2020-02-15T23:11:09.876Z ** Current time: 2020-02-15T23:11:09.876Z"}
{"timestamp":"2020-02-15T23:11:09.876Z","level":"info","message":"Current log unchanged"}
{"level":"info","message":"Logs up to date. ** Last refresh: 2020-02-15T23:11:09.876Z ** Current time: 2020-02-15T23:11:09.876Z"}
{"timestamp":"2020-02-15T23:11:09.876Z","level":"info","message":"Current log unchanged"}
{"level":"info","message":"Logs up to date. ** Last refresh: 2020-02-15T23:11:09.876Z ** Current time: 2020-02-15T23:11:09.876Z"}
{"timestamp":"2020-02-15T23:11:09.876Z","level":"info","message":"Current log unchanged"}
{"level":"info","message":"Logs up to date. ** Last refresh: 2020-02-15T23:11:09.876Z ** Current time: 2020-02-15T23:11:09.876Z"}
{"timestamp":"2020-02-15T23:11:09.876Z","level":"info","message":"Current log unchanged"}
{"level":"info","message":"Logs up to date. ** Last refresh: 2020-02-15T23:11:09.876Z ** Current time: 2020-02-15T23:11:09.876Z"}
{"timestamp":"2020-02-15T23:11:09.876Z","level":"info","message":"Current log unchanged"}
{"level":"info","message":"Logs up to date. ** Last refresh: 2020-02-15T23:11:09.876Z ** Current time: 2020-02-15T23:11:09.876Z"}
{"timestamp":"2020-02-15T23:11:09.876Z","level":"info","message":"Current log unchanged"}
{"level":"info","message":"Logs up to date. ** Last refresh: 2020-02-15T23:11:09.876Z ** Current time: 2020-02-15T23:11:09.876Z"}
{"timestamp":"2020-02-15T23:11:09.876Z","level":"info","message":"Current log unchanged"}
{"timestamp":"2020-02-16T13:29:33.273Z","level":"info","message":"Expired data: refreshing now"}
{"level":"info","message":"Refreshed data success"}
{"level":"info","message":"Logs up to date. ** Last refresh: 2020-02-16T13:29:33.273Z ** Current time: 2020-02-16T13:29:33.273Z"}
{"timestamp":"2020-02-16T13:29:33.273Z","level":"info","message":"Current log unchanged"}
{"level":"info","message":"Logs up to date. ** Last refresh: 2020-02-16T13:29:33.273Z ** Current time: 2020-02-16T13:29:33.273Z"}
{"timestamp":"2020-02-16T13:29:33.273Z","level":"info","message":"Current log unchanged"}
{"level":"info","message":"Logs up to date. ** Last refresh: 2020-02-16T13:29:33.273Z ** Current time: 2020-02-16T13:29:33.273Z"}
{"timestamp":"2020-02-16T13:29:33.273Z","level":"info","message":"Current log unchanged"}
{"level":"info","message":"Logs up to date. ** Last refresh: 2020-02-16T13:29:33.273Z ** Current time: 2020-02-16T13:29:33.273Z"}
{"timestamp":"2020-02-16T13:29:33.273Z","level":"info","message":"Current log unchanged"}
{"level":"info","message":"Logs up to date. ** Last refresh: 2020-02-16T13:29:33.273Z ** Current time: 2020-02-16T13:29:33.273Z"}
{"timestamp":"2020-02-16T13:29:33.273Z","level":"info","message":"Current log unchanged"}
{"level":"info","message":"Logs up to date. ** Last refresh: 2020-02-16T13:29:33.273Z ** Current time: 2020-02-16T13:29:33.273Z"}
{"timestamp":"2020-02-16T13:29:33.273Z","level":"info","message":"Current log unchanged"}
{"level":"info","message":"Logs up to date. ** Last refresh: 2020-02-16T13:29:33.273Z ** Current time: 2020-02-16T13:29:33.273Z"}
{"timestamp":"2020-02-16T13:29:33.273Z","level":"info","message":"Current log unchanged"}
{"level":"info","message":"Logs up to date. ** Last refresh: 2020-02-16T13:29:33.273Z ** Current time: 2020-02-16T13:29:33.273Z"}
{"timestamp":"2020-02-16T13:29:33.273Z","level":"info","message":"Current log unchanged"}
{"level":"info","message":"Logs up to date. ** Last refresh: 2020-02-16T13:29:33.273Z ** Current time: 2020-02-16T13:29:33.273Z"}
{"timestamp":"2020-02-16T13:29:33.273Z","level":"info","message":"Current log unchanged"}
{"level":"info","message":"Logs up to date. ** Last refresh: 2020-02-16T13:29:33.273Z ** Current time: 2020-02-16T13:29:33.273Z"}
{"timestamp":"2020-02-16T13:29:33.273Z","level":"info","message":"Current log unchanged"}
{"level":"info","message":"Logs up to date. ** Last refresh: 2020-02-16T13:29:33.273Z ** Current time: 2020-02-16T13:29:33.273Z"}
{"timestamp":"2020-02-16T13:29:33.273Z","level":"info","message":"Current log unchanged"}
{"level":"info","message":"Logs up to date. ** Last refresh: 2020-02-16T13:29:33.273Z ** Current time: 2020-02-16T13:29:33.273Z"}
{"timestamp":"2020-02-16T13:29:33.273Z","level":"info","message":"Current log unchanged"}
{"level":"info","message":"Logs up to date. ** Last refresh: 2020-02-16T13:29:33.273Z ** Current time: 2020-02-16T13:29:33.273Z"}
{"timestamp":"2020-02-16T13:29:33.273Z","level":"info","message":"Current log unchanged"}
{"level":"info","message":"Logs up to date. ** Last refresh: 2020-02-16T13:29:33.273Z ** Current time: 2020-02-16T13:29:33.273Z"}
{"timestamp":"2020-02-16T13:29:33.273Z","level":"info","message":"Current log unchanged"}
{"level":"info","message":"Logs up to date. ** Last refresh: 2020-02-16T13:29:33.273Z ** Current time: 2020-02-16T13:29:33.273Z"}
{"timestamp":"2020-02-16T13:29:33.273Z","level":"info","message":"Current log unchanged"}
{"level":"info","message":"Logs up to date. ** Last refresh: 2020-02-16T13:29:33.273Z ** Current time: 2020-02-16T13:29:33.273Z"}
{"timestamp":"2020-02-16T13:29:33.273Z","level":"info","message":"Current log unchanged"}
{"level":"info","message":"Logs up to date. ** Last refresh: 2020-02-16T13:29:33.273Z ** Current time: 2020-02-16T13:29:33.273Z"}
{"timestamp":"2020-02-16T13:29:33.273Z","level":"info","message":"Current log unchanged"}
{"level":"info","message":"Logs up to date. ** Last refresh: 2020-02-16T13:29:33.273Z ** Current time: 2020-02-16T13:29:33.273Z"}
{"timestamp":"2020-02-16T13:29:33.273Z","level":"info","message":"Current log unchanged"}
{"level":"info","message":"Logs up to date. ** Last refresh: 2020-02-16T13:29:33.273Z ** Current time: 2020-02-16T13:29:33.273Z"}
{"timestamp":"2020-02-16T13:29:33.273Z","level":"info","message":"Current log unchanged"}
{"level":"info","message":"Logs up to date. ** Last refresh: 2020-02-16T13:29:33.273Z ** Current time: 2020-02-16T13:29:33.273Z"}
{"timestamp":"2020-02-16T13:29:33.273Z","level":"info","message":"Current log unchanged"}
{"level":"info","message":"Logs up to date. ** Last refresh: 2020-02-16T13:29:33.273Z ** Current time: 2020-02-16T13:29:33.273Z"}
{"timestamp":"2020-02-16T13:29:33.273Z","level":"info","message":"Current log unchanged"}
{"level":"info","message":"Logs up to date. ** Last refresh: 2020-02-16T13:29:33.273Z ** Current time: 2020-02-16T13:29:33.273Z"}
{"timestamp":"2020-02-16T13:29:33.273Z","level":"info","message":"Current log unchanged"}
{"level":"info","message":"Logs up to date. ** Last refresh: 2020-02-16T13:29:33.273Z ** Current time: 2020-02-16T13:29:33.273Z"}
{"timestamp":"2020-02-16T13:29:33.273Z","level":"info","message":"Current log unchanged"}
{"timestamp":"2020-02-16T13:29:33.273Z","level":"info","message":"Expired data: refreshing now"}
{"level":"info","message":"Refreshed data success"}
{"timestamp":"2020-02-16T13:29:33.273Z","level":"info","message":"Expired data: refreshing now"}
{"level":"info","message":"Refreshed data success"}
{"timestamp":"2020-02-16T13:29:33.273Z","level":"info","message":"Expired data: refreshing now"}
{"level":"info","message":"Refreshed data success"}
{"timestamp":"2020-02-16T13:29:33.273Z","level":"info","message":"Expired data: refreshing now"}
{"level":"info","message":"Refreshed data success"}
{"timestamp":"2020-02-16T13:29:33.273Z","level":"info","message":"Expired data: refreshing now"}
{"level":"info","message":"Refreshed data success"}
{"timestamp":"2020-02-16T13:29:33.273Z","level":"info","message":"Expired data: refreshing now"}
{"level":"info","message":"Refreshed data success"}
{"timestamp":"2020-02-16T13:29:33.273Z","level":"info","message":"Expired data: refreshing now"}
{"level":"info","message":"Refreshed data success"}
{"timestamp":"2020-02-16T13:29:33.273Z","level":"info","message":"Expired data: refreshing now"}
{"level":"info","message":"Refreshed data success"}
{"timestamp":"2020-02-16T13:29:33.273Z","level":"info","message":"Expired data: refreshing now"}
{"level":"info","message":"Refreshed data success"}
{"timestamp":"2020-02-16T13:29:33.273Z","level":"info","message":"Expired data: refreshing now"}
{"level":"info","message":"Refreshed data success"}
{"timestamp":"2020-02-16T13:29:33.273Z","level":"info","message":"Expired data: refreshing now"}
{"level":"info","message":"Refreshed data success"}
{"timestamp":"2020-02-16T13:29:33.273Z","level":"info","message":"Expired data: refreshing now"}
{"level":"info","message":"Refreshed data success"}
{"timestamp":"2020-02-16T13:29:33.273Z","level":"info","message":"Expired data: refreshing now"}
{"level":"info","message":"Refreshed data success"}
{"timestamp":"2020-02-16T13:29:33.273Z","level":"info","message":"Expired data: refreshing now"}
{"level":"info","message":"Refreshed data success"}
{"timestamp":"2020-02-16T13:29:33.273Z","level":"info","message":"Expired data: refreshing now"}
{"level":"info","message":"Refreshed data success"}
{"timestamp":"2020-02-16T13:29:33.273Z","level":"info","message":"Expired data: refreshing now"}
{"level":"info","message":"Refreshed data success"}
{"timestamp":"2020-02-16T13:29:33.273Z","level":"info","message":"Expired data: refreshing now"}
{"level":"info","message":"Refreshed data success"}
{"timestamp":"2020-02-16T13:29:33.273Z","level":"info","message":"Expired data: refreshing now"}
{"level":"info","message":"Refreshed data success"}
{"timestamp":"2020-02-16T13:29:33.273Z","level":"info","message":"Expired data: refreshing now"}
{"level":"info","message":"Refreshed data success"}
{"timestamp":"2020-02-16T13:29:33.273Z","level":"info","message":"Expired data: refreshing now"}
{"level":"info","message":"Refreshed data success"}
{"timestamp":"2020-02-16T13:29:33.273Z","level":"info","message":"Expired data: refreshing now"}
{"level":"info","message":"Refreshed data success"}
{"timestamp":"2020-02-16T13:29:33.273Z","level":"info","message":"Expired data: refreshing now"}
{"level":"info","message":"Refreshed data success"}
{"timestamp":"2020-02-16T13:29:33.273Z","level":"info","message":"Expired data: refreshing now"}
{"level":"info","message":"Refreshed data success"}
{"timestamp":"2020-02-16T13:29:33.273Z","level":"info","message":"Expired data: refreshing now"}
{"level":"info","message":"Refreshed data success"}
{"timestamp":"2020-02-16T13:29:33.273Z","level":"info","message":"Expired data: refreshing now"}
{"level":"info","message":"Refreshed data success"}
{"timestamp":"2020-02-16T13:29:33.273Z","level":"info","message":"Expired data: refreshing now"}
{"level":"info","message":"Refreshed data success"}
{"timestamp":"2020-02-16T13:29:33.273Z","level":"info","message":"Expired data: refreshing now"}
{"level":"info","message":"Refreshed data success"}
{"timestamp":"2020-02-16T13:29:33.273Z","level":"info","message":"Expired data: refreshing now"}
{"level":"info","message":"Refreshed data success"}
{"timestamp":"2020-02-16T13:29:33.273Z","level":"info","message":"Expired data: refreshing now"}
{"level":"info","message":"Refreshed data success"}
{"timestamp":"2020-02-16T13:29:33.273Z","level":"info","message":"Expired data: refreshing now"}
{"level":"info","message":"Refreshed data success"}
{"timestamp":"2020-02-16T13:29:33.273Z","level":"info","message":"Expired data: refreshing now"}
{"level":"info","message":"Refreshed data success"}
{"timestamp":"2020-02-16T13:29:33.273Z","level":"info","message":"Expired data: refreshing now"}
{"level":"info","message":"Refreshed data success"}
{"timestamp":"2020-02-16T13:29:33.273Z","level":"info","message":"Expired data: refreshing now"}
{"level":"info","message":"Refreshed data success"}
{"timestamp":"2020-02-16T13:29:33.273Z","level":"info","message":"Expired data: refreshing now"}
{"level":"info","message":"Refreshed data success"}
{"timestamp":"2020-02-16T13:29:33.273Z","level":"info","message":"Expired data: refreshing now"}
{"level":"info","message":"Refreshed data success"}
{"timestamp":"2020-02-16T13:29:33.273Z","level":"info","message":"Expired data: refreshing now"}
{"level":"info","message":"Refreshed data success"}
{"timestamp":"2020-02-16T13:29:33.273Z","level":"info","message":"Expired data: refreshing now"}
{"level":"info","message":"Refreshed data success"}
{"timestamp":"2020-02-16T13:29:33.273Z","level":"info","message":"Expired data: refreshing now"}
{"level":"info","message":"Refreshed data success"}
{"timestamp":"2020-02-16T13:29:33.273Z","level":"info","message":"Expired data: refreshing now"}
{"level":"info","message":"Refreshed data success"}
{"timestamp":"2020-02-16T13:29:33.273Z","level":"info","message":"Expired data: refreshing now"}
{"level":"info","message":"Refreshed data success"}
{"timestamp":"2020-02-16T13:29:33.273Z","level":"info","message":"Expired data: refreshing now"}
{"level":"info","message":"Refreshed data success"}
{"timestamp":"2020-02-16T13:29:33.273Z","level":"info","message":"Expired data: refreshing now"}
{"level":"info","message":"Refreshed data success"}
{"timestamp":"2020-02-16T13:29:33.273Z","level":"info","message":"Expired data: refreshing now"}
{"level":"info","message":"Refreshed data success"}
{"timestamp":"2020-02-16T13:29:33.273Z","level":"info","message":"Expired data: refreshing now"}
{"level":"info","message":"Refreshed data success"}
{"timestamp":"2020-02-16T13:29:33.273Z","level":"info","message":"Expired data: refreshing now"}
{"level":"info","message":"Refreshed data success"}
{"timestamp":"2020-02-16T13:29:33.273Z","level":"info","message":"Expired data: refreshing now"}
{"level":"info","message":"Refreshed data success"}
{"timestamp":"2020-02-16T13:29:33.273Z","level":"info","message":"Expired data: refreshing now"}
{"level":"info","message":"Refreshed data success"}
{"timestamp":"2020-02-16T13:29:33.273Z","level":"info","message":"Expired data: refreshing now"}
{"level":"info","message":"Refreshed data success"}
{"timestamp":"2020-02-16T13:29:33.273Z","level":"info","message":"Expired data: refreshing now"}
{"level":"info","message":"Refreshed data success"}
{"timestamp":"2020-02-16T13:29:33.273Z","level":"info","message":"Expired data: refreshing now"}
{"level":"info","message":"Refreshed data success"}
{"timestamp":"2020-02-16T13:29:33.273Z","level":"info","message":"Expired data: refreshing now"}
{"level":"info","message":"Refreshed data success"}
{"timestamp":"2020-02-16T13:29:33.273Z","level":"info","message":"Expired data: refreshing now"}
{"level":"info","message":"Refreshed data success"}
{"timestamp":"2020-02-16T13:29:33.273Z","level":"info","message":"Expired data: refreshing now"}
{"level":"info","message":"Refreshed data success"}
{"timestamp":"2020-02-16T13:29:33.273Z","level":"info","message":"Expired data: refreshing now"}
{"level":"info","message":"Refreshed data success"}
{"timestamp":"2020-02-16T16:30:59.918Z","level":"info","message":"Expired data: refreshing now"}
{"level":"info","message":"Refreshed data success"}
{"level":"info","message":"Logs up to date. ** Last refresh: 2020-02-16T17:28:38.170Z ** Current time: 2020-02-16T17:49:06.908Z"}
{"timestamp":"2020-02-16T17:49:06.908Z","level":"info","message":"Current log unchanged"}
{"level":"info","message":"Logs up to date. ** Last refresh: 2020-02-16T17:28:38.170Z ** Current time: 2020-02-16T17:49:06.908Z"}
{"timestamp":"2020-02-16T17:49:06.908Z","level":"info","message":"Current log unchanged"}
{"level":"info","message":"Logs up to date. ** Last refresh: 2020-02-16T17:28:38.170Z ** Current time: 2020-02-16T17:49:06.908Z"}
{"timestamp":"2020-02-16T17:49:06.908Z","level":"info","message":"Current log unchanged"}
{"level":"info","message":"Logs up to date. ** Last refresh: 2020-02-16T17:28:38.170Z ** Current time: 2020-02-16T17:49:06.908Z"}
{"timestamp":"2020-02-16T17:49:06.908Z","level":"info","message":"Current log unchanged"}
{"level":"info","message":"Logs up to date. ** Last refresh: 2020-02-16T17:28:38.170Z ** Current time: 2020-02-16T17:49:06.908Z"}
{"timestamp":"2020-02-16T17:49:06.908Z","level":"info","message":"Current log unchanged"}
{"level":"info","message":"Logs up to date. ** Last refresh: 2020-02-16T17:28:38.170Z ** Current time: 2020-02-16T17:49:06.908Z"}
{"timestamp":"2020-02-16T17:49:06.908Z","level":"info","message":"Current log unchanged"}
{"level":"info","message":"Logs up to date. ** Last refresh: 2020-02-16T17:28:38.170Z ** Current time: 2020-02-16T17:49:06.908Z"}
{"timestamp":"2020-02-16T17:49:06.908Z","level":"info","message":"Current log unchanged"}
{"level":"info","message":"Logs up to date. ** Last refresh: 2020-02-16T17:28:38.170Z ** Current time: 2020-02-16T17:49:06.908Z"}
{"timestamp":"2020-02-16T17:49:06.908Z","level":"info","message":"Current log unchanged"}
{"level":"info","message":"Logs up to date. ** Last refresh: 2020-02-16T17:28:38.170Z ** Current time: 2020-02-16T17:49:06.908Z"}
{"timestamp":"2020-02-16T17:49:06.908Z","level":"info","message":"Current log unchanged"}
{"timestamp":"2020-02-16T17:49:06.908Z","level":"info","message":"Expired data: refreshing now"}
{"level":"info","message":"Refreshed data success"}
{"timestamp":"2020-02-16T17:49:06.908Z","level":"info","message":"Expired data: refreshing now"}
{"level":"info","message":"Refreshed data success"}
{"timestamp":"2020-02-16T17:49:06.908Z","level":"info","message":"Expired data: refreshing now"}
{"level":"info","message":"Refreshed data success"}
{"timestamp":"2020-02-16T17:49:06.908Z","level":"info","message":"Expired data: refreshing now"}
{"level":"info","message":"Refreshed data success"}
{"timestamp":"2020-02-16T17:49:06.908Z","level":"info","message":"Expired data: refreshing now"}
{"level":"info","message":"Refreshed data success"}
{"timestamp":"2020-02-16T17:49:06.908Z","level":"info","message":"Expired data: refreshing now"}
{"level":"info","message":"Refreshed data success"}
{"timestamp":"2020-02-16T17:49:06.908Z","level":"info","message":"Expired data: refreshing now"}
{"level":"info","message":"Refreshed data success"}
{"timestamp":"2020-02-16T17:49:06.908Z","level":"info","message":"Expired data: refreshing now"}
{"level":"info","message":"Refreshed data success"}
{"timestamp":"2020-02-16T17:49:06.908Z","level":"info","message":"Expired data: refreshing now"}
{"level":"info","message":"Refreshed data success"}
{"timestamp":"2020-02-16T17:49:06.908Z","level":"info","message":"Expired data: refreshing now"}
{"level":"info","message":"Refreshed data success"}
{"timestamp":"2020-02-16T17:49:06.908Z","level":"info","message":"Expired data: refreshing now"}
{"level":"info","message":"Refreshed data success"}
{"timestamp":"2020-02-16T17:49:06.908Z","level":"info","message":"Expired data: refreshing now"}
{"level":"info","message":"Refreshed data success"}
{"timestamp":"2020-02-16T17:49:06.908Z","level":"info","message":"Expired data: refreshing now"}
{"level":"info","message":"Refreshed data success"}
{"timestamp":"2020-02-16T17:49:06.908Z","level":"info","message":"Expired data: refreshing now"}
{"level":"info","message":"Refreshed data success"}
{"timestamp":"2020-02-16T17:49:06.908Z","level":"info","message":"Expired data: refreshing now"}
{"level":"info","message":"Refreshed data success"}
{"timestamp":"2020-02-16T17:49:06.908Z","level":"info","message":"Expired data: refreshing now"}
{"level":"info","message":"Refreshed data success"}
{"timestamp":"2020-02-16T17:49:06.908Z","level":"info","message":"Expired data: refreshing now"}
{"level":"info","message":"Refreshed data success"}
{"timestamp":"2020-02-16T17:49:06.908Z","level":"info","message":"Expired data: refreshing now"}
{"level":"info","message":"Refreshed data success"}
{"timestamp":"2020-02-16T17:49:06.908Z","level":"info","message":"Expired data: refreshing now"}
{"level":"info","message":"Refreshed data success"}
{"timestamp":"2020-02-16T17:49:06.908Z","level":"info","message":"Expired data: refreshing now"}
{"level":"info","message":"Refreshed data success"}
{"timestamp":"2020-02-16T17:49:06.908Z","level":"info","message":"Expired data: refreshing now"}
{"level":"info","message":"Refreshed data success"}
{"timestamp":"2020-02-16T17:49:06.908Z","level":"info","message":"Expired data: refreshing now"}
{"level":"info","message":"Refreshed data success"}
{"timestamp":"2020-02-16T17:49:06.908Z","level":"info","message":"Expired data: refreshing now"}
{"level":"info","message":"Refreshed data success"}
{"timestamp":"2020-02-16T17:49:06.908Z","level":"info","message":"Expired data: refreshing now"}
{"level":"info","message":"Refreshed data success"}
{"timestamp":"2020-02-16T17:49:06.908Z","level":"info","message":"Expired data: refreshing now"}
{"level":"info","message":"Refreshed data success"}
{"timestamp":"2020-02-16T17:49:06.908Z","level":"info","message":"Expired data: refreshing now"}
{"level":"info","message":"Refreshed data success"}
{"timestamp":"2020-02-16T17:49:06.908Z","level":"info","message":"Expired data: refreshing now"}
{"level":"info","message":"Refreshed data success"}
{"timestamp":"2020-02-16T17:49:06.908Z","level":"info","message":"Expired data: refreshing now"}
{"level":"info","message":"Refreshed data success"}
{"timestamp":"2020-02-16T17:49:06.908Z","level":"info","message":"Expired data: refreshing now"}
{"level":"info","message":"Refreshed data success"}
{"timestamp":"2020-02-16T17:49:06.908Z","level":"info","message":"Expired data: refreshing now"}
{"level":"info","message":"Refreshed data success"}
{"timestamp":"2020-02-16T17:49:06.908Z","level":"info","message":"Expired data: refreshing now"}
{"level":"info","message":"Refreshed data success"}
{"timestamp":"2020-02-16T17:49:06.908Z","level":"info","message":"Expired data: refreshing now"}
{"level":"info","message":"Refreshed data success"}
{"timestamp":"2020-02-16T17:49:06.908Z","level":"info","message":"Expired data: refreshing now"}
{"level":"info","message":"Refreshed data success"}
{"timestamp":"2020-02-16T17:49:06.908Z","level":"info","message":"Expired data: refreshing now"}
{"level":"info","message":"Refreshed data success"}
{"timestamp":"2020-02-16T17:49:06.908Z","level":"info","message":"Expired data: refreshing now"}
{"level":"info","message":"Refreshed data success"}
{"timestamp":"2020-02-16T17:49:06.908Z","level":"info","message":"Expired data: refreshing now"}
{"level":"info","message":"Refreshed data success"}
{"timestamp":"2020-02-16T17:49:06.908Z","level":"info","message":"Expired data: refreshing now"}
{"level":"info","message":"Refreshed data success"}
{"timestamp":"2020-02-16T17:49:06.908Z","level":"info","message":"Expired data: refreshing now"}
{"level":"info","message":"Refreshed data success"}
{"timestamp":"2020-02-16T17:49:06.908Z","level":"info","message":"Expired data: refreshing now"}
{"level":"info","message":"Refreshed data success"}
{"timestamp":"2020-02-16T17:49:06.908Z","level":"info","message":"Expired data: refreshing now"}
{"level":"info","message":"Refreshed data success"}
{"timestamp":"2020-02-16T17:49:06.908Z","level":"info","message":"Expired data: refreshing now"}
{"level":"info","message":"Refreshed data success"}
{"timestamp":"2020-02-16T17:49:06.908Z","level":"info","message":"Expired data: refreshing now"}
{"level":"info","message":"Refreshed data success"}
{"timestamp":"2020-02-16T17:49:06.908Z","level":"info","message":"Expired data: refreshing now"}
{"level":"info","message":"Refreshed data success"}
{"timestamp":"2020-02-16T17:49:06.908Z","level":"info","message":"Expired data: refreshing now"}
{"level":"info","message":"Refreshed data success"}
{"timestamp":"2020-02-16T17:49:06.908Z","level":"info","message":"Expired data: refreshing now"}
{"level":"info","message":"Refreshed data success"}
{"timestamp":"2020-02-16T17:49:06.908Z","level":"info","message":"Expired data: refreshing now"}
{"level":"info","message":"Refreshed data success"}
{"timestamp":"2020-02-16T17:49:06.908Z","level":"info","message":"Expired data: refreshing now"}
{"level":"info","message":"Refreshed data success"}
{"timestamp":"2020-02-16T17:49:06.908Z","level":"info","message":"Expired data: refreshing now"}
{"level":"info","message":"Refreshed data success"}
{"timestamp":"2020-02-16T17:49:06.908Z","level":"info","message":"Expired data: refreshing now"}
{"level":"info","message":"Refreshed data success"}
{"timestamp":"2020-02-16T17:49:06.908Z","level":"info","message":"Expired data: refreshing now"}
{"level":"info","message":"Refreshed data success"}
{"timestamp":"2020-02-16T17:49:06.908Z","level":"info","message":"Expired data: refreshing now"}
{"level":"info","message":"Refreshed data success"}
{"timestamp":"2020-02-17T19:33:26.324Z","level":"info","message":"Expired data: refreshing now"}
{"level":"info","message":"Refreshed data success"}
{"level":"info","message":"Logs up to date. ** Last refresh: 2020-02-17T19:33:26.324Z ** Current time: 2020-02-17T19:33:26.324Z"}
{"timestamp":"2020-02-17T19:33:26.324Z","level":"info","message":"Current log unchanged"}
{"level":"info","message":"Logs up to date. ** Last refresh: 2020-02-17T19:33:26.324Z ** Current time: 2020-02-17T19:33:26.324Z"}
{"timestamp":"2020-02-17T19:33:26.324Z","level":"info","message":"Current log unchanged"}
{"level":"info","message":"Logs up to date. ** Last refresh: 2020-02-17T19:33:26.324Z ** Current time: 2020-02-17T19:33:26.324Z"}
{"timestamp":"2020-02-17T19:33:26.324Z","level":"info","message":"Current log unchanged"}
{"level":"info","message":"Logs up to date. ** Last refresh: 2020-02-17T19:33:26.324Z ** Current time: 2020-02-17T19:33:26.324Z"}
{"timestamp":"2020-02-17T19:33:26.324Z","level":"info","message":"Current log unchanged"}
{"level":"info","message":"Logs up to date. ** Last refresh: 2020-02-17T19:33:26.324Z ** Current time: 2020-02-17T19:33:26.324Z"}
{"timestamp":"2020-02-17T19:33:26.324Z","level":"info","message":"Current log unchanged"}
{"timestamp":"2020-02-21T15:23:34.845Z","level":"info","message":"Expired data: refreshing now"}
{"level":"info","message":"Refreshed data success"}
{"level":"info","message":"Logs up to date. ** Last refresh: 2020-02-21T15:23:34.845Z ** Current time: 2020-02-21T15:23:34.845Z"}
{"timestamp":"2020-02-21T15:23:34.845Z","level":"info","message":"Current log unchanged"}
{"level":"info","message":"Logs up to date. ** Last refresh: 2020-02-21T15:23:34.845Z ** Current time: 2020-02-21T15:46:57.160Z"}
{"timestamp":"2020-02-21T15:46:57.160Z","level":"info","message":"Current log unchanged"}
{"level":"info","message":"Logs up to date. ** Last refresh: 2020-02-21T15:23:34.845Z ** Current time: 2020-02-21T15:46:57.160Z"}
{"timestamp":"2020-02-21T15:46:57.160Z","level":"info","message":"Current log unchanged"}
{"level":"info","message":"Logs up to date. ** Last refresh: 2020-02-21T15:23:34.845Z ** Current time: 2020-02-21T15:46:57.160Z"}
{"timestamp":"2020-02-21T15:46:57.160Z","level":"info","message":"Current log unchanged"}
{"level":"info","message":"Logs up to date. ** Last refresh: 2020-02-21T15:23:34.845Z ** Current time: 2020-02-21T15:46:57.160Z"}
{"timestamp":"2020-02-21T15:46:57.160Z","level":"info","message":"Current log unchanged"}
